This file contains any messages produced by compilers while
running configure, to aid debugging if configure makes a mistake.

It was created by csync2 configure 1.34, which was
generated by GNU Autoconf 2.61.  Invocation command line was

  $ ./configure 

## --------- ##
## Platform. ##
## --------- ##

hostname = eskinnermm
uname -m = x86_64
uname -r = 4.2.3-200.fc22.x86_64
uname -s = Linux
uname -v = #1 SMP Thu Oct 8 03:23:55 UTC 2015

/usr/bin/uname -p = x86_64
/bin/uname -X     = unknown

/bin/arch              = x86_64
/usr/bin/arch -k       = unknown
/usr/convex/getsysinfo = unknown
/usr/bin/hostinfo      = unknown
/bin/machine           = unknown
/usr/bin/oslevel       = unknown
/bin/universe          = unknown

PATH: /usr/lib64/qt-3.3/bin
PATH: /usr/local/bin
PATH: /usr/bin
PATH: /bin
PATH: /home/eskinner/.local/bin
PATH: /home/eskinner/bin
PATH: /usr/local/sbin
PATH: /usr/sbin
PATH: /home/eskinner/.local/bin
PATH: /home/eskinner/bin


## ----------- ##
## Core tests. ##
## ----------- ##

configure:1760: checking for a BSD-compatible install
configure:1816: result: /usr/bin/install -c
configure:1827: checking whether build environment is sane
configure:1870: result: yes
configure:1903: checking for gawk
configure:1919: found /usr/bin/gawk
configure:1930: result: gawk
configure:1941: checking whether make sets $(MAKE)
configure:1962: result: yes
configure:2200: checking for gcc
configure:2216: found /usr/bin/gcc
configure:2227: result: gcc
configure:2465: checking for C compiler version
configure:2472: gcc --version >&5
gcc (GCC) 5.1.1 20150618 (Red Hat 5.1.1-4)
Copyright (C) 2015 Free Software Foundation, Inc.
This is free software; see the source for copying conditions.  There is NO
warranty; not even for MERCHANTABILITY or FITNESS FOR A PARTICULAR PURPOSE.

configure:2475: $? = 0
configure:2482: gcc -v >&5
Using built-in specs.
COLLECT_GCC=gcc
COLLECT_LTO_WRAPPER=/usr/libexec/gcc/x86_64-redhat-linux/5.1.1/lto-wrapper
Target: x86_64-redhat-linux
Configured with: ../configure --enable-bootstrap --enable-languages=c,c++,objc,obj-c++,fortran,ada,go,lto --prefix=/usr --mandir=/usr/share/man --infodir=/usr/share/info --with-bugurl=http://bugzilla.redhat.com/bugzilla --enable-shared --enable-threads=posix --enable-checking=release --enable-multilib --with-system-zlib --enable-__cxa_atexit --disable-libunwind-exceptions --enable-gnu-unique-object --enable-linker-build-id --with-linker-hash-style=gnu --enable-plugin --enable-initfini-array --disable-libgcj --with-default-libstdcxx-abi=c++98 --with-isl --enable-libmpx --enable-gnu-indirect-function --with-tune=generic --with-arch_32=i686 --build=x86_64-redhat-linux
Thread model: posix
gcc version 5.1.1 20150618 (Red Hat 5.1.1-4) (GCC) 
configure:2485: $? = 0
configure:2492: gcc -V >&5
gcc: error: unrecognized command line option '-V'
gcc: fatal error: no input files
compilation terminated.
configure:2495: $? = 1
configure:2518: checking for C compiler default output file name
configure:2545: gcc    conftest.c  >&5
configure:2548: $? = 0
configure:2586: result: a.out
configure:2603: checking whether the C compiler works
configure:2613: ./a.out
configure:2616: $? = 0
configure:2633: result: yes
configure:2640: checking whether we are cross compiling
configure:2642: result: no
configure:2645: checking for suffix of executables
configure:2652: gcc -o conftest    conftest.c  >&5
configure:2655: $? = 0
configure:2679: result: 
configure:2685: checking for suffix of object files
configure:2711: gcc -c   conftest.c >&5
configure:2714: $? = 0
configure:2737: result: o
configure:2741: checking whether we are using the GNU C compiler
configure:2770: gcc -c   conftest.c >&5
configure:2776: $? = 0
configure:2793: result: yes
configure:2798: checking whether gcc accepts -g
configure:2828: gcc -c -g  conftest.c >&5
configure:2834: $? = 0
configure:2933: result: yes
configure:2950: checking for gcc option to accept ISO C89
configure:3024: gcc  -c -g -O2  conftest.c >&5
configure:3030: $? = 0
configure:3053: result: none needed
configure:3082: checking for style of include used by make
configure:3110: result: GNU
configure:3138: checking dependency style of gcc
configure:3221: result: gcc3
configure:3251: checking for a BSD-compatible install
configure:3307: result: /usr/bin/install -c
configure:3322: checking for bison
configure:3352: result: no
configure:3322: checking for byacc
configure:3352: result: no
configure:3366: checking for flex
configure:3396: result: no
configure:3366: checking for lex
configure:3396: result: no
configure:3578: checking for rs_sig_file in -lrsync
configure:3613: gcc -o conftest -g -O2   conftest.c -lrsync   >&5
/usr/bin/ld: cannot find -lrsync
collect2: error: ld returned 1 exit status
configure:3619: $? = 1
configure: failed program was:
| /* confdefs.h.  */
| #define PACKAGE_NAME "csync2"
| #define PACKAGE_TARNAME "csync2"
| #define PACKAGE_VERSION "1.34"
| #define PACKAGE_STRING "csync2 1.34"
| #define PACKAGE_BUGREPORT "clifford@clifford.at"
| #define PACKAGE "csync2"
| #define VERSION "1.34"
| /* end confdefs.h.  */
| 
| /* Override any GCC internal prototype to avoid an error.
|    Use char because int might match the return type of a GCC
|    builtin and then its argument prototype would still apply.  */
| #ifdef __cplusplus
| extern "C"
| #endif
| char rs_sig_file ();
| int
| main ()
| {
| return rs_sig_file ();
|   ;
|   return 0;
| }
configure:3637: result: no
configure:3647: error: librsync is required

## ---------------- ##
## Cache variables. ##
## ---------------- ##

ac_cv_c_compiler_gnu=yes
ac_cv_env_CC_set=
ac_cv_env_CC_value=
ac_cv_env_CFLAGS_set=
ac_cv_env_CFLAGS_value=
ac_cv_env_CPPFLAGS_set=
ac_cv_env_CPPFLAGS_value=
ac_cv_env_LDFLAGS_set=
ac_cv_env_LDFLAGS_value=
ac_cv_env_LIBS_set=
ac_cv_env_LIBS_value=
ac_cv_env_YACC_set=
ac_cv_env_YACC_value=
ac_cv_env_YFLAGS_set=
ac_cv_env_YFLAGS_value=
ac_cv_env_build_alias_set=
ac_cv_env_build_alias_value=
ac_cv_env_host_alias_set=
ac_cv_env_host_alias_value=
ac_cv_env_target_alias_set=
ac_cv_env_target_alias_value=
ac_cv_lib_rsync_rs_sig_file=no
ac_cv_objext=o
ac_cv_path_install='/usr/bin/install -c'
ac_cv_prog_AWK=gawk
ac_cv_prog_ac_ct_CC=gcc
ac_cv_prog_cc_c89=
ac_cv_prog_cc_g=yes
ac_cv_prog_make_make_set=yes
am_cv_CC_dependencies_compiler_type=gcc3

## ----------------- ##
## Output variables. ##
## ----------------- ##

ACLOCAL='${SHELL} /home/eskinner/git/github/devportal/csync2-1.34/missing --run aclocal-1.7'
AMDEPBACKSLASH='\'
AMDEP_FALSE='#'
AMDEP_TRUE=''
AMTAR='${SHELL} /home/eskinner/git/github/devportal/csync2-1.34/missing --run tar'
AUTOCONF='${SHELL} /home/eskinner/git/github/devportal/csync2-1.34/missing --run autoconf'
AUTOHEADER='${SHELL} /home/eskinner/git/github/devportal/csync2-1.34/missing --run autoheader'
AUTOMAKE='${SHELL} /home/eskinner/git/github/devportal/csync2-1.34/missing --run automake-1.7'
AWK='gawk'
CC='gcc'
CCDEPMODE='depmode=gcc3'
CFLAGS='-g -O2'
CPPFLAGS=''
CYGPATH_W='echo'
DEFS=''
DEPDIR='.deps'
ECHO_C=''
ECHO_N='-n'
ECHO_T=''
EXEEXT=''
INSTALL_DATA='${INSTALL} -m 644'
INSTALL_PROGRAM='${INSTALL}'
INSTALL_SCRIPT='${INSTALL}'
INSTALL_STRIP_PROGRAM='${SHELL} $(install_sh) -c -s'
LDFLAGS=''
LEX='${SHELL} /home/eskinner/git/github/devportal/csync2-1.34/missing --run flex'
LEXLIB=''
LEX_OUTPUT_ROOT=''
LIBGNUTLS_CFLAGS=''
LIBGNUTLS_CONFIG=''
LIBGNUTLS_LIBS=''
LIBOBJS=''
LIBS=''
LTLIBOBJS=''
MAKEINFO='${SHELL} /home/eskinner/git/github/devportal/csync2-1.34/missing --run makeinfo'
OBJEXT='o'
PACKAGE='csync2'
PACKAGE_BUGREPORT='clifford@clifford.at'
PACKAGE_NAME='csync2'
PACKAGE_STRING='csync2 1.34'
PACKAGE_TARNAME='csync2'
PACKAGE_VERSION='1.34'
PATH_SEPARATOR=':'
PRIVATE_LIBRSYNC_FALSE=''
PRIVATE_LIBRSYNC_TRUE=''
PRIVATE_LIBSQLITE_FALSE=''
PRIVATE_LIBSQLITE_TRUE=''
SET_MAKE=''
SHELL='/bin/sh'
STRIP=''
VERSION='1.34'
YACC='yacc'
YFLAGS=''
ac_ct_CC='gcc'
am__fastdepCC_FALSE='#'
am__fastdepCC_TRUE=''
am__include='include'
am__leading_dot='.'
am__quote=''
bindir='${exec_prefix}/bin'
build_alias=''
datadir='${datarootdir}'
datarootdir='${prefix}/share'
docdir='${datarootdir}/doc/${PACKAGE_TARNAME}'
dvidir='${docdir}'
exec_prefix='NONE'
host_alias=''
htmldir='${docdir}'
includedir='${prefix}/include'
infodir='${datarootdir}/info'
install_sh='/home/eskinner/git/github/devportal/csync2-1.34/install-sh'
libdir='${exec_prefix}/lib'
libexecdir='${exec_prefix}/libexec'
librsync_source_file=''
libsqlite_source_file=''
localedir='${datarootdir}/locale'
localstatedir='/var'
mandir='${datarootdir}/man'
oldincludedir='/usr/include'
pdfdir='${docdir}'
prefix='NONE'
program_transform_name='s,x,x,'
psdir='${docdir}'
sbindir='${exec_prefix}/sbin'
sharedstatedir='${prefix}/com'
sysconfdir='/etc'
target_alias=''

## ----------- ##
## confdefs.h. ##
## ----------- ##

#define PACKAGE_NAME "csync2"
#define PACKAGE_TARNAME "csync2"
#define PACKAGE_VERSION "1.34"
#define PACKAGE_STRING "csync2 1.34"
#define PACKAGE_BUGREPORT "clifford@clifford.at"
#define PACKAGE "csync2"
#define VERSION "1.34"

configure: exit 1
